<?xml version="1.0" encoding="UTF-8"?>
<testng-results ignored="0" total="1" passed="1" failed="0" skipped="0">
  <reporter-output>
  </reporter-output>
  <suite started-at="2026-05-11T11:48:35 IST" name="Surefire suite" finished-at="2026-05-11T11:48:48 IST" duration-ms="12969">
    <groups>
    </groups>
    <test started-at="2026-05-11T11:48:35 IST" name="Surefire test" finished-at="2026-05-11T11:48:48 IST" duration-ms="12969">
      <class name="com.example.demo.BrokenLinks">
        <test-method is-config="true" signature="setup(java.lang.String)[pri:0, instance:com.example.demo.BrokenLinks@62833051]" started-at="2026-05-11T11:48:35 IST" name="setup" finished-at="2026-05-11T11:48:40 IST" duration-ms="5634" status="PASS">
          <params>
            <param index="0">
              <value>
                <![CDATA[chrome]]>
              </value>
            </param>
          </params>
          <reporter-output>
          </reporter-output>
        </test-method> <!-- setup -->
        <test-method signature="getWindowHandles()[pri:0, instance:com.example.demo.BrokenLinks@62833051]" started-at="2026-05-11T11:48:40 IST" name="getWindowHandles" finished-at="2026-05-11T11:48:48 IST" duration-ms="7274" status="PASS">
          <reporter-output>
          </reporter-output>
        </test-method> <!-- getWindowHandles -->
        <test-method is-config="true" signature="tearDown()[pri:0, instance:com.example.demo.BrokenLinks@62833051]" started-at="2026-05-11T11:48:48 IST" name="tearDown" finished-at="2026-05-11T11:48:48 IST" duration-ms="2" status="PASS">
          <reporter-output>
          </reporter-output>
        </test-method> <!-- tearDown -->
      </class> <!-- com.example.demo.BrokenLinks -->
    </test> <!-- Surefire test -->
  </suite> <!-- Surefire suite -->
</testng-results>
