<?xml version="1.0" encoding="UTF-8"?>
<!-- Generated by org.testng.reporters.JUnitXMLReporter -->
<testsuite ignored="1" hostname="Anands-MacBook-Pro.local" failures="0" tests="1" name="Surefire test" time="12.969" errors="0" timestamp="2026-05-11T11:48:48 IST">
  <testcase classname="com.example.demo.BrokenLinks" name="getWindowHandles" time="7.274"/>
  <testcase classname="com.example.demo.BrokenLinks" name="brokenLinks" time="0.0">
    <ignored/>
  </testcase> <!-- brokenLinks -->
</testsuite> <!-- Surefire test -->
